06-13-2018 14:12:17 -  - Google Chrome - ::1 - none - http://localhost:81/gks/login.php
06-13-2018 14:12:32 -  - Google Chrome - ::1 - none - http://localhost:81/gks/login.php
06-13-2018 14:14:24 -  - Google Chrome - ::1 - none - http://localhost:81/gks/login.php
06-13-2018 14:14:29 -  - Google Chrome - ::1 - none - http://localhost:81/gks/login.php
06-13-2018 14:15:41 -  - Google Chrome - ::1 - none - http://localhost:81/gks/login.php
06-13-2018 14:15:46 -  - Google Chrome - ::1 - none - http://localhost:81/gks/login.php
06-13-2018 14:17:21 -  - Google Chrome - ::1 - none - http://localhost:81/gks/login.php
06-13-2018 14:17:27 -  - Google Chrome - ::1 - none - http://localhost:81/gks/login.php
06-13-2018 14:18:38 -  - Google Chrome - ::1 - none - http://localhost:81/gks/login.php
06-13-2018 14:18:44 -  - Google Chrome - ::1 - none - http://localhost:81/gks/login.php
06-13-2018 14:19:53 - Windows 10 - Google Chrome - ::1 - none - http://localhost:81/gks/login.php
06-13-2018 14:19:58 - Windows 10 - Google Chrome - ::1 - none - http://localhost:81/gks/login.php
06-13-2018 18:13:35 - Windows 10 - Google Chrome - ::1 - none - http://localhost:81/gks/login.php
06-13-2018 18:14:29 - Windows 10 - Google Chrome - ::1 - none - http://localhost:81/gks/login.php
06-13-2018 18:14:36 - Windows 10 - Google Chrome - ::1 - none - http://localhost:81/gks/login.php
06-13-2018 18:24:28 - Windows 10 - Google Chrome - ::1 - none - http://localhost:81/gks/login.php
06-13-2018 18:24:32 - Windows 10 - Google Chrome - ::1 - none - http://localhost:81/gks/login.php
06-13-2018 18:28:25 - Windows 10 - Google Chrome - ::1 - none - http://localhost:81/gks/login.php
06-13-2018 23:01:00 - Windows 10 - Google Chrome - ::1 - none - http://localhost:81/gks/login.php
06-13-2018 23:01:01 - Windows 10 - Google Chrome - ::1 - none - http://localhost:81/gks/login.php
06-13-2018 23:01:10 - Windows 10 - Google Chrome - ::1 - none - http://localhost:81/gks/login.php
06-13-2018 23:08:10 - Windows 10 - Google Chrome - ::1 - none - http://localhost:81/gks/login.php
06-14-2018 07:46:04 - Windows 10 - Google Chrome - ::1 - none - http://localhost:81/gks/login.php
06-14-2018 07:46:48 - Windows 10 - Google Chrome - ::1 - none - http://localhost:81/gks/login.php
06-14-2018 07:46:51 - Windows 10 - Google Chrome - ::1 - none - http://localhost:81/gks/login.php
06-14-2018 07:48:14 - Windows 10 - Google Chrome - ::1 - none - http://localhost:81/gks/login.php
06-14-2018 07:48:21 - Windows 10 - Google Chrome - ::1 - none - http://localhost:81/gks/login.php
06-14-2018 07:48:24 - Windows 10 - Google Chrome - ::1 - none - http://localhost:81/gks/login.php
06-14-2018 07:48:59 - Windows 10 - Google Chrome - ::1 - none - http://localhost:81/gks/login.php
06-14-2018 07:52:49 - Windows 10 - Google Chrome - ::1 - none - http://localhost:81/gks/login.php
06-14-2018 07:52:57 - Windows 10 - Google Chrome - ::1 - none - http://localhost:81/gks/login.php
06-14-2018 07:53:43 - Windows 10 - Google Chrome - ::1 - none - http://localhost:81/gks/login.php
06-14-2018 07:53:51 - Windows 10 - Google Chrome - ::1 - none - http://localhost:81/gks/login.php
06-14-2018 07:55:45 - Windows 10 - Google Chrome - ::1 - none - http://localhost:81/gks/login.php
06-14-2018 07:55:48 - Windows 10 - Google Chrome - ::1 - none - http://localhost:81/gks/login.php
06-14-2018 07:56:12 - Windows 10 - Google Chrome - ::1 - none - http://localhost:81/gks/login.php
06-14-2018 07:56:50 - Windows 10 - Google Chrome - ::1 - none - http://localhost:81/gks/login.php
06-14-2018 07:57:04 - Windows 10 - Google Chrome - ::1 - none - http://localhost:81/gks/login.php
06-14-2018 07:59:30 - Windows 10 - Google Chrome - ::1 - none - http://localhost:81/gks/login.php
06-14-2018 07:59:41 - Windows 10 - Google Chrome - ::1 - none - http://localhost:81/gks/login.php
06-14-2018 07:59:46 - Windows 10 - Google Chrome - ::1 - none - http://localhost:81/gks/login.php
06-14-2018 08:02:29 - Windows 10 - Google Chrome - ::1 - none - http://localhost:81/gks/login.php
06-14-2018 08:02:34 - Windows 10 - Google Chrome - ::1 - none - http://localhost:81/gks/login.php
06-14-2018 08:09:12 - Windows 10 - Google Chrome - ::1 - none - http://localhost:81/gks/login.php
06-14-2018 08:09:19 - Windows 10 - Google Chrome - ::1 - none - http://localhost:81/gks/login.php
06-14-2018 08:13:16 - Windows 10 - Google Chrome - ::1 - none - http://localhost:81/gks/login.php
06-14-2018 08:13:22 - Windows 10 - Google Chrome - ::1 - none - http://localhost:81/gks/login.php
06-14-2018 08:13:24 - Windows 10 - Google Chrome - ::1 - none - http://localhost:81/gks/login.php
06-14-2018 08:13:30 - Windows 10 - Google Chrome - ::1 - none - http://localhost:81/gks/login.php
06-14-2018 08:50:05 - Windows 10 - Google Chrome - ::1 - none - http://localhost:81/gks/login.php
06-14-2018 08:51:21 - Windows 10 - Google Chrome - ::1 - none - http://localhost:81/gks/login.php
06-14-2018 08:51:21 - Windows 10 - Google Chrome - ::1 - none - http://localhost:81/gks/login.php
06-14-2018 08:51:31 - Windows 10 - Google Chrome - ::1 - none - http://localhost:81/gks/login.php
06-14-2018 08:55:44 - Windows 10 - Google Chrome - ::1 - none - http://localhost:81/gks/login.php
06-14-2018 09:32:39 - Windows 10 - Google Chrome - ::1 - none - http://localhost:81/gks/login.php
06-14-2018 09:32:40 - Windows 10 - Google Chrome - ::1 - none - http://localhost:81/gks/login.php
06-14-2018 09:33:15 - Windows 10 - Google Chrome - ::1 - none - http://localhost:81/gks/login.php
06-14-2018 09:37:28 - Windows 10 - Google Chrome - ::1 - none - http://localhost:81/gks/login.php
06-14-2018 09:37:38 - Windows 10 - Google Chrome - ::1 - none - http://localhost:81/gks/login.php
06-14-2018 09:53:37 - Windows 10 - Google Chrome - ::1 - none - http://localhost:81/gks/login.php
06-14-2018 09:54:23 - Windows 10 - Google Chrome - ::1 - none - http://localhost:81/gks/login.php
06-14-2018 10:02:48 - Windows 10 - Google Chrome - ::1 - none - http://localhost:81/gks/login.php
06-14-2018 10:15:20 - Windows 10 - Google Chrome - ::1 - none - http://localhost:81/gks/login.php
06-14-2018 10:17:28 - Windows 10 - Google Chrome - ::1 - none - http://localhost:81/gks/login.php
06-14-2018 10:43:00 - Windows 10 - Google Chrome - ::1 - none - http://localhost:81/gks/login.php
06-14-2018 10:43:06 - Windows 10 - Google Chrome - ::1 - none - http://localhost:81/gks/login.php
06-14-2018 10:43:17 - Windows 10 - Google Chrome - ::1 - none - http://localhost:81/gks/login.php
06-14-2018 13:21:47 - Windows 10 - Google Chrome - ::1 - none - http://localhost:81/gks/login.php
06-14-2018 18:38:40 - Windows 10 - Google Chrome - ::1 - none - http://localhost:81/gks/savetodb.php
06-14-2018 19:41:29 - Windows 10 - Google Chrome - ::1 - none - http://localhost:81/gks/login.php
06-14-2018 19:41:36 - Windows 10 - Google Chrome - ::1 - none - http://localhost:81/gks/login.php
06-14-2018 20:03:54 - Windows 10 - Google Chrome - ::1 - none - http://localhost:81/gks/login.php
06-14-2018 20:04:12 - Windows 10 - Google Chrome - ::1 - none - http://localhost:81/gks/login.php
06-14-2018 20:05:06 - Windows 10 - Google Chrome - ::1 - none - http://localhost:81/gks/login.php
06-14-2018 20:05:23 - Windows 10 - Google Chrome - ::1 - none - http://localhost:81/gks/login.php
06-14-2018 20:05:43 - Windows 10 - Google Chrome - ::1 - none - http://localhost:81/gks/login.php
06-14-2018 20:06:00 - Windows 10 - Google Chrome - ::1 - none - http://localhost:81/gks/login.php
06-14-2018 20:06:08 - Windows 10 - Google Chrome - ::1 - none - http://localhost:81/gks/login.php
06-14-2018 20:06:19 - Windows 10 - Google Chrome - ::1 - none - http://localhost:81/gks/login.php
06-14-2018 20:06:33 - Windows 10 - Google Chrome - ::1 - none - http://localhost:81/gks/login.php
06-14-2018 20:06:53 - Windows 10 - Google Chrome - ::1 - none - http://localhost:81/gks/login.php
06-14-2018 20:07:16 - Windows 10 - Google Chrome - ::1 - none - http://localhost:81/gks/login.php
06-14-2018 20:07:25 - Windows 10 - Google Chrome - ::1 - none - http://localhost:81/gks/login.php
06-14-2018 20:07:43 - Windows 10 - Google Chrome - ::1 - none - http://localhost:81/gks/login.php
06-14-2018 23:05:04 - Windows 10 - Google Chrome - ::1 - none - http://localhost:81/gks/login.php
06-14-2018 23:05:55 - Windows 10 - Google Chrome - ::1 - none - http://localhost:81/gks/login.php
06-14-2018 23:06:54 - Windows 10 - Google Chrome - ::1 - none - http://localhost:81/gks/login.php
06-14-2018 23:07:02 - Windows 10 - Google Chrome - ::1 - none - http://localhost:81/gks/login.php
06-14-2018 23:47:48 - Windows 10 - Google Chrome - ::1 - none - http://localhost:81/gks/login.php
06-14-2018 23:49:52 - Windows 10 - Google Chrome - ::1 - none - http://localhost:81/gks/login.php
06-14-2018 23:49:59 - Windows 10 - Google Chrome - ::1 - none - http://localhost:81/gks/login.php
06-14-2018 23:50:24 - Windows 10 - Google Chrome - ::1 - none - http://localhost:81/gks/login.php
06-14-2018 23:51:37 - Windows 10 - Google Chrome - ::1 - none - http://localhost:81/gks/login.php
06-14-2018 23:52:00 - Windows 10 - Google Chrome - ::1 - none - http://localhost:81/gks/login.php
06-15-2018 00:04:24 - Windows 10 - Google Chrome - ::1 - none - http://localhost:81/gks/login.php
06-15-2018 00:04:31 - Windows 10 - Google Chrome - ::1 - none - http://localhost:81/gks/login.php
06-15-2018 00:04:49 - Windows 10 - Google Chrome - ::1 - none - http://localhost:81/gks/login.php
06-15-2018 00:45:30 - Windows 10 - Google Chrome - ::1 - none - http://localhost:81/gks/contactus.php
06-15-2018 00:45:41 - Windows 10 - Google Chrome - ::1 - none - http://localhost:81/gks/login.php
06-15-2018 00:45:46 - Windows 10 - Google Chrome - ::1 - none - http://localhost:81/gks/login.php
06-15-2018 00:52:19 - Windows 10 - Google Chrome - ::1 - none - http://localhost:81/gks/login.php
06-15-2018 00:52:33 - Windows 10 - Google Chrome - ::1 - none - http://localhost:81/gks/contactus.php
06-15-2018 00:53:08 - Windows 10 - Google Chrome - ::1 - none - http://localhost:81/gks/contactus.php
06-15-2018 00:53:14 - Windows 10 - Google Chrome - ::1 - none - http://localhost:81/gks/contactus.php
06-15-2018 00:53:33 - Windows 10 - Google Chrome - ::1 - none - http://localhost:81/gks/contactus.php
06-15-2018 00:54:16 - Windows 10 - Google Chrome - ::1 - none - http://localhost:81/gks/contactus.php
06-15-2018 09:38:25 - Windows 10 - Google Chrome - ::1 - none - http://localhost:81/gks/login.php
06-15-2018 09:43:18 - Windows 10 - Google Chrome - ::1 - none - http://localhost:81/gks/contactus.php
06-15-2018 09:43:26 - Windows 10 - Google Chrome - ::1 - none - http://localhost:81/gks/login.php
06-15-2018 09:43:34 - Windows 10 - Google Chrome - ::1 - none - http://localhost:81/gks/login.php
06-15-2018 09:50:09 - Windows 10 - Google Chrome - ::1 - none - http://localhost:81/gks/login.php
06-15-2018 09:51:59 - Windows 10 - Google Chrome - ::1 - none - http://localhost:81/gks/savetodb.php
06-15-2018 09:52:07 - Windows 10 - Google Chrome - ::1 - none - http://localhost:81/gks/login.php
06-15-2018 09:52:24 - Windows 10 - Google Chrome - ::1 - none - http://localhost:81/gks/login.php
06-15-2018 09:59:32 - Windows 10 - Google Chrome - ::1 - none - http://localhost:81/gks/login.php
06-15-2018 10:01:17 - Windows 10 - Google Chrome - ::1 - none - http://localhost:81/gks/login.php
06-15-2018 10:02:22 - Windows 10 - Google Chrome - ::1 - none - http://localhost:81/gks/login.php
06-15-2018 10:04:21 - Windows 10 - Google Chrome - ::1 - none - http://localhost:81/gks/login.php
06-15-2018 10:04:35 - Windows 10 - Google Chrome - ::1 - none - http://localhost:81/gks/login.php
06-15-2018 10:05:44 - Windows 10 - Google Chrome - ::1 - none - http://localhost:81/gks/login.php
06-15-2018 13:21:41 -  - Google Chrome - ::1 - none - http://localhost/bishal/login.php
06-15-2018 13:21:54 -  - Google Chrome - ::1 - none - http://localhost/bishal/login.php
06-15-2018 15:14:51 -  - Google Chrome - ::1 - none - http://localhost/bishal/login.php
06-15-2018 15:20:41 -  - Google Chrome - ::1 - none - http://localhost/bishal/login.php
06-15-2018 15:21:06 -  - Google Chrome - ::1 - none - http://localhost/bishal/login.php
06-15-2018 15:22:03 -  - Google Chrome - ::1 - none - http://localhost/bishal/login.php
06-15-2018 15:22:06 -  - Google Chrome - ::1 - none - http://localhost/bishal/login.php
06-15-2018 15:22:24 -  - Google Chrome - ::1 - none - http://localhost/bishal/login.php
06-15-2018 15:23:15 -  - Google Chrome - ::1 - none - http://localhost/bishal/login.php
06-15-2018 15:23:34 -  - Google Chrome - ::1 - none - http://localhost/bishal/login.php
06-15-2018 15:23:52 -  - Google Chrome - ::1 - none - http://localhost/bishal/login.php
06-15-2018 15:24:04 -  - Google Chrome - ::1 - none - http://localhost/bishal/login.php
06-15-2018 15:27:49 -  - Google Chrome - ::1 - none - http://localhost/bishal/login.php
06-15-2018 15:56:48 -  - Google Chrome - ::1 - none - http://localhost/bishal/login.php
06-15-2018 15:56:55 -  - Google Chrome - ::1 - none - http://localhost/bishal/login.php
06-15-2018 15:57:16 -  - Google Chrome - ::1 - none - http://localhost/bishal/login.php
06-15-2018 15:57:19 -  - Google Chrome - ::1 - none - http://localhost/bishal/login.php
06-15-2018 15:57:37 -  - Google Chrome - ::1 - none - http://localhost/bishal/login.php
06-15-2018 16:25:46 -  - Google Chrome - ::1 - none - http://localhost/bishal/login.php
06-15-2018 16:27:53 -  - Google Chrome - ::1 - none - http://localhost/bishal/savetodb.php
06-15-2018 16:28:17 -  - Google Chrome - ::1 - none - http://localhost/bishal/login.php
06-15-2018 16:28:28 -  - Google Chrome - ::1 - none - http://localhost/bishal/login.php
06-15-2018 16:36:43 -  - Google Chrome - ::1 - none - http://localhost/bishal/login.php
06-15-2018 16:37:57 -  - Google Chrome - ::1 - none - http://localhost/bishal/savetodb.php
06-15-2018 16:38:58 -  - Google Chrome - ::1 - none - http://localhost/bishal/login.php
06-15-2018 16:39:08 -  - Google Chrome - ::1 - none - http://localhost/bishal/login.php
06-15-2018 16:47:47 -  - Google Chrome - ::1 - none - http://localhost/bishal/login.php
06-15-2018 16:47:55 -  - Google Chrome - ::1 - none - http://localhost/bishal/login.php
06-15-2018 16:49:13 -  - Google Chrome - ::1 - none - http://localhost/bishal/login.php
06-15-2018 16:49:22 -  - Google Chrome - ::1 - none - http://localhost/bishal/login.php
06-15-2018 16:51:40 -  - Google Chrome - ::1 - none - http://localhost/bishal/login.php
06-15-2018 16:51:48 -  - Google Chrome - ::1 - none - http://localhost/bishal/login.php
06-15-2018 16:53:22 -  - Google Chrome - ::1 - none - http://localhost/bishal/login.php
06-15-2018 16:53:31 -  - Google Chrome - ::1 - none - http://localhost/bishal/login.php
06-15-2018 16:54:07 -  - Google Chrome - ::1 - none - http://localhost/bishal/login.php
06-15-2018 16:54:19 -  - Google Chrome - ::1 - none - http://localhost/bishal/login.php
06-15-2018 16:55:46 -  - Google Chrome - ::1 - none - http://localhost/bishal/login.php
06-15-2018 16:57:18 -  - Google Chrome - ::1 - none - http://localhost/bishal/contactus.php
06-15-2018 16:57:25 -  - Google Chrome - ::1 - none - http://localhost/bishal/login.php
06-15-2018 16:57:39 -  - Google Chrome - ::1 - none - http://localhost/bishal/login.php
06-15-2018 17:04:13 -  - Google Chrome - ::1 - none - http://localhost/bishal/login.php
06-15-2018 17:20:39 -  - Google Chrome - ::1 - none - http://localhost/bloodbank/contactus.php
06-15-2018 17:21:47 -  - Google Chrome - ::1 - none - http://localhost/bloodbank/savetodb.php
06-15-2018 17:21:51 -  - Google Chrome - ::1 - none - http://localhost/bloodbank/login.php
06-15-2018 17:21:59 -  - Google Chrome - ::1 - none - http://localhost/bloodbank/login.php
06-15-2018 17:22:58 -  - Google Chrome - ::1 - none - http://localhost/bloodbank/login.php
06-15-2018 17:23:14 -  - Google Chrome - ::1 - none - http://localhost/bloodbank/login.php
06-15-2018 17:25:51 -  - Google Chrome - ::1 - none - http://localhost/bloodbank/login.php
06-15-2018 17:26:01 -  - Google Chrome - ::1 - none - http://localhost/bloodbank/login.php
06-15-2018 17:26:38 -  - Google Chrome - ::1 - none - http://localhost/bloodbank/login.php
06-15-2018 17:26:45 -  - Google Chrome - ::1 - none - http://localhost/bloodbank/login.php
06-15-2018 17:26:54 -  - Google Chrome - ::1 - none - http://localhost/bloodbank/login.php
06-15-2018 17:28:28 -  - Google Chrome - ::1 - none - http://localhost/bloodbank/login.php
06-15-2018 17:28:40 -  - Google Chrome - ::1 - none - http://localhost/bloodbank/login.php
06-15-2018 17:29:23 -  - Google Chrome - ::1 - none - http://localhost/bloodbank/login.php
06-15-2018 17:29:37 -  - Google Chrome - ::1 - none - http://localhost/bloodbank/login.php
06-15-2018 17:30:06 -  - Google Chrome - ::1 - none - http://localhost/bloodbank/login.php
06-15-2018 17:30:21 -  - Google Chrome - ::1 - none - http://localhost/bloodbank/login.php
06-15-2018 17:30:45 -  - Google Chrome - ::1 - none - http://localhost/bloodbank/login.php
06-15-2018 17:53:58 -  - Google Chrome - ::1 - none - http://localhost/bloodbank/login.php
06-15-2018 17:55:37 -  - Google Chrome - ::1 - none - http://localhost/bloodbank/login.php
06-15-2018 17:55:47 -  - Google Chrome - ::1 - none - http://localhost/bloodbank/login.php
06-15-2018 17:56:09 -  - Google Chrome - ::1 - none - http://localhost/bloodbank/login.php
06-15-2018 17:56:26 -  - Google Chrome - ::1 - none - http://localhost/bloodbank/login.php
06-15-2018 17:56:36 -  - Google Chrome - ::1 - none - http://localhost/bloodbank/login.php
06-15-2018 18:01:05 -  - Google Chrome - ::1 - none - http://localhost/bloodbank/login.php
06-15-2018 18:02:36 -  - Google Chrome - ::1 - none - http://localhost/bloodbank/login.php
06-15-2018 18:08:08 -  - Google Chrome - ::1 - none - http://localhost/bloodbank/login.php
06-15-2018 18:09:03 -  - Google Chrome - ::1 - none - http://localhost/bloodbank/login.php
06-15-2018 18:09:36 -  - Google Chrome - ::1 - none - http://localhost/bloodbank/login.php
06-15-2018 18:11:05 -  - Google Chrome - ::1 - none - http://localhost/bloodbank/login.php
06-15-2018 18:13:14 -  - Google Chrome - ::1 - none - http://localhost/bloodbank/contactus.php
06-15-2018 18:13:45 -  - Google Chrome - ::1 - none - http://localhost/bloodbank/login.php
06-15-2018 18:13:56 -  - Google Chrome - ::1 - none - http://localhost/bloodbank/login.php
06-15-2018 18:18:27 -  - Google Chrome - ::1 - none - http://localhost/bloodbank/login.php
06-16-2018 12:41:08 -  - Google Chrome - ::1 - none - http://localhost/bloodbank/login.php
06-16-2018 12:41:19 -  - Google Chrome - ::1 - none - http://localhost/bloodbank/login.php
06-16-2018 12:45:14 -  - Google Chrome - ::1 - none - http://localhost/bloodbank/login.php
06-16-2018 12:45:54 -  - Google Chrome - ::1 - none - http://localhost/bloodbank/login.php
06-16-2018 12:55:31 -  - Google Chrome - ::1 - none - http://localhost/bloodbank/login.php
06-16-2018 12:55:42 -  - Google Chrome - ::1 - none - http://localhost/bloodbank/login.php
06-16-2018 12:55:43 -  - Google Chrome - ::1 - none - http://localhost/bloodbank/login.php
06-16-2018 12:59:52 -  - Google Chrome - ::1 - none - http://localhost/bloodbank/login.php
06-16-2018 13:00:00 -  - Google Chrome - ::1 - none - http://localhost/bloodbank/login.php
06-16-2018 13:01:29 -  - Google Chrome - ::1 - none - http://localhost/bloodbank/login.php
06-17-2018 11:49:08 -  - Google Chrome - ::1 - none - http://localhost/bloodbank/login.php
06-17-2018 11:49:22 -  - Google Chrome - ::1 - none - http://localhost/bloodbank/login.php
06-17-2018 11:49:25 -  - Google Chrome - ::1 - none - http://localhost/bloodbank/login.php
06-17-2018 11:49:31 -  - Google Chrome - ::1 - none - http://localhost/bloodbank/login.php
06-17-2018 11:51:25 -  - Google Chrome - ::1 - none - http://localhost/bloodbank/login.php
06-17-2018 11:53:02 -  - Google Chrome - ::1 - none - http://localhost/bloodbank/savetodb.php
06-17-2018 11:53:08 -  - Google Chrome - ::1 - none - http://localhost/bloodbank/login.php
06-17-2018 11:53:17 -  - Google Chrome - ::1 - none - http://localhost/bloodbank/login.php
06-17-2018 11:54:27 -  - Google Chrome - ::1 - none - http://localhost/bloodbank/login.php
06-17-2018 11:57:43 -  - Google Chrome - ::1 - none - http://localhost/bloodbank/login.php
06-17-2018 11:57:55 -  - Google Chrome - ::1 - none - http://localhost/bloodbank/login.php
06-17-2018 11:57:58 -  - Google Chrome - ::1 - none - http://localhost/bloodbank/login.php
06-17-2018 11:59:06 -  - Google Chrome - ::1 - none - http://localhost/bloodbank/login.php
06-17-2018 12:01:47 -  - Google Chrome - ::1 - none - http://localhost/bloodbank/login.php
06-17-2018 18:34:33 -  - Google Chrome - ::1 - none - http://localhost/bloodbank/login.php
06-17-2018 18:34:58 -  - Google Chrome - ::1 - none - http://localhost/bloodbank/login.php
06-17-2018 18:35:01 -  - Google Chrome - ::1 - none - http://localhost/bloodbank/login.php
06-17-2018 18:35:49 -  - Google Chrome - ::1 - none - http://localhost/bloodbank/savetodb.php
06-17-2018 18:36:11 -  - Google Chrome - ::1 - none - http://localhost/bloodbank/login.php
06-17-2018 18:36:39 -  - Google Chrome - ::1 - none - http://localhost/bloodbank/login.php
06-17-2018 18:37:32 -  - Google Chrome - ::1 - none - http://localhost/bloodbank/login.php
06-17-2018 18:38:04 -  - Google Chrome - ::1 - none - http://localhost/bloodbank/login.php
06-17-2018 18:39:21 -  - Google Chrome - ::1 - none - http://localhost/bloodbank/login.php
06-17-2018 18:39:33 -  - Google Chrome - ::1 - none - http://localhost/bloodbank/login.php
06-17-2018 18:39:58 -  - Google Chrome - ::1 - none - http://localhost/bloodbank/login.php
06-17-2018 18:40:45 -  - Google Chrome - ::1 - none - http://localhost/bloodbank/contactus.php
06-17-2018 18:40:51 -  - Google Chrome - ::1 - none - http://localhost/bloodbank/login.php
06-17-2018 18:41:01 -  - Google Chrome - ::1 - none - http://localhost/bloodbank/login.php
06-17-2018 18:44:13 -  - Google Chrome - ::1 - none - http://localhost/bloodbank/login.php
06-17-2018 18:44:43 -  - Google Chrome - ::1 - none - http://localhost/bloodbank/login.php
06-17-2018 18:45:00 -  - Google Chrome - ::1 - none - http://localhost/bloodbank/login.php
06-17-2018 18:45:12 -  - Google Chrome - ::1 - none - http://localhost/bloodbank/login.php
06-17-2018 18:45:26 -  - Google Chrome - ::1 - none - http://localhost/bloodbank/login.php
06-17-2018 18:45:28 -  - Google Chrome - ::1 - none - http://localhost/bloodbank/login.php
06-17-2018 18:45:42 -  - Google Chrome - ::1 - none - http://localhost/bloodbank/login.php
06-17-2018 18:46:06 -  - Google Chrome - ::1 - none - http://localhost/bloodbank/login.php
06-17-2018 18:46:15 -  - Google Chrome - ::1 - none - http://localhost/bloodbank/login.php
06-17-2018 18:46:18 -  - Google Chrome - ::1 - none - http://localhost/bloodbank/login.php
06-17-2018 18:48:22 -  - Google Chrome - ::1 - none - http://localhost/bloodbank/login.php
06-17-2018 18:48:40 -  - Google Chrome - ::1 - none - http://localhost/bloodbank/login.php
06-17-2018 18:48:56 -  - Google Chrome - ::1 - none - http://localhost/bloodbank/login.php
06-17-2018 18:49:08 -  - Google Chrome - ::1 - none - http://localhost/bloodbank/login.php
06-17-2018 18:49:24 -  - Google Chrome - ::1 - none - http://localhost/bloodbank/login.php
06-17-2018 18:49:55 -  - Google Chrome - ::1 - none - http://localhost/bloodbank/login.php
06-17-2018 18:50:15 -  - Google Chrome - ::1 - none - http://localhost/bloodbank/login.php
06-17-2018 18:50:19 -  - Google Chrome - ::1 - none - http://localhost/bloodbank/login.php
06-18-2018 06:53:18 -  - Google Chrome - ::1 - none - http://localhost/bloodbank/savetodb.php
06-18-2018 06:53:46 -  - Google Chrome - ::1 - none - http://localhost/bloodbank/login.php
06-18-2018 06:53:54 -  - Google Chrome - ::1 - none - http://localhost/bloodbank/login.php
06-18-2018 06:59:44 -  - Google Chrome - ::1 - none - http://localhost/bloodbank/login.php
06-18-2018 06:59:52 -  - Google Chrome - ::1 - none - http://localhost/bloodbank/login.php
06-18-2018 07:01:47 -  - Google Chrome - ::1 - none - http://localhost/bloodbank/login.php
06-18-2018 07:02:36 -  - Google Chrome - ::1 - none - http://localhost/bloodbank/contactus.php
06-18-2018 07:02:41 -  - Google Chrome - ::1 - none - http://localhost/bloodbank/login.php
06-18-2018 07:02:50 -  - Google Chrome - ::1 - none - http://localhost/bloodbank/login.php
06-18-2018 07:03:44 -  - Google Chrome - ::1 - none - http://localhost/bloodbank/login.php
06-18-2018 07:05:35 -  - Google Chrome - ::1 - none - http://localhost/bloodbank/savetodb.php
06-18-2018 07:05:39 -  - Google Chrome - ::1 - none - http://localhost/bloodbank/login.php
06-18-2018 07:05:48 -  - Google Chrome - ::1 - none - http://localhost/bloodbank/login.php
06-18-2018 08:24:47 -  - Google Chrome - ::1 - none - http://localhost/bloodbank/login.php
06-18-2018 08:24:57 -  - Google Chrome - ::1 - none - http://localhost/bloodbank/login.php
06-18-2018 08:26:13 -  - Google Chrome - ::1 - none - http://localhost/bloodbank/login.php
06-18-2018 08:26:47 -  - Google Chrome - ::1 - none - http://localhost/bloodbank/login.php
06-18-2018 08:27:28 -  - Google Chrome - ::1 - none - http://localhost/bloodbank/login.php
06-18-2018 08:28:59 -  - Google Chrome - ::1 - none - http://localhost/bloodbank/contactus.php
06-18-2018 08:29:13 -  - Google Chrome - ::1 - none - http://localhost/bloodbank/login.php
06-18-2018 08:29:29 -  - Google Chrome - ::1 - none - http://localhost/bloodbank/login.php
06-18-2018 08:31:17 -  - Google Chrome - ::1 - none - http://localhost/bloodbank/login.php
06-18-2018 09:39:38 -  - Google Chrome - ::1 - none - http://localhost/bloodbank/login.php
06-18-2018 09:39:51 -  - Google Chrome - ::1 - none - http://localhost/bloodbank/login.php
06-18-2018 11:02:45 -  - Google Chrome - ::1 - none - http://localhost/bloodbank/login.php
06-18-2018 11:05:31 -  - Google Chrome - ::1 - none - http://localhost/bloodbank/login.php
06-18-2018 11:05:35 -  - Google Chrome - ::1 - none - http://localhost/bloodbank/login.php
06-19-2018 07:27:29 -  - Google Chrome - ::1 - none - http://localhost/bloodbank/login.php
06-19-2018 07:27:46 -  - Google Chrome - ::1 - none - http://localhost/bloodbank/login.php
06-19-2018 07:28:15 -  - Google Chrome - ::1 - none - http://localhost/bloodbank/login.php
06-19-2018 07:30:06 -  - Google Chrome - ::1 - none - http://localhost/bloodbank/login.php
06-19-2018 07:31:03 -  - Google Chrome - ::1 - none - http://localhost/bloodbank/login.php
06-19-2018 07:32:02 -  - Google Chrome - ::1 - none - http://localhost/bloodbank/login.php
06-20-2018 10:07:15 -  - Google Chrome - ::1 - none - http://localhost/bloodbank/login.php
06-20-2018 10:07:30 -  - Google Chrome - ::1 - none - http://localhost/bloodbank/login.php
06-20-2018 10:07:57 -  - Google Chrome - ::1 - none - http://localhost/bloodbank/login.php
06-20-2018 10:09:24 -  - Google Chrome - ::1 - none - http://localhost/bloodbank/savetodb.php
06-20-2018 10:09:36 -  - Google Chrome - ::1 - none - http://localhost/bloodbank/login.php
06-20-2018 10:09:46 -  - Google Chrome - ::1 - none - http://localhost/bloodbank/login.php
06-20-2018 10:13:08 -  - Google Chrome - ::1 - none - http://localhost/bloodbank/login.php
06-20-2018 10:14:08 -  - Google Chrome - ::1 - none - http://localhost/bloodbank/login.php
06-20-2018 10:14:34 -  - Google Chrome - ::1 - none - http://localhost/bloodbank/login.php
06-20-2018 10:15:22 -  - Google Chrome - ::1 - none - http://localhost/bloodbank/login.php
06-20-2018 10:15:30 -  - Google Chrome - ::1 - none - http://localhost/bloodbank/login.php
06-20-2018 10:15:35 -  - Google Chrome - ::1 - none - http://localhost/bloodbank/login.php
06-20-2018 10:16:19 -  - Google Chrome - ::1 - none - http://localhost/bloodbank/contactus.php
06-20-2018 10:17:00 -  - Google Chrome - ::1 - none - http://localhost/bloodbank/login.php
06-20-2018 10:17:10 -  - Google Chrome - ::1 - none - http://localhost/bloodbank/login.php
06-20-2018 10:19:10 -  - Google Chrome - ::1 - none - http://localhost/bloodbank/login.php
06-20-2018 10:19:51 -  - Google Chrome - ::1 - none - http://localhost/bloodbank/login.php
06-20-2018 10:20:15 -  - Google Chrome - ::1 - none - http://localhost/bloodbank/login.php
06-20-2018 21:46:53 -  - Google Chrome - ::1 - none - http://localhost/bloodbank/login.php
06-20-2018 21:46:55 -  - Google Chrome - ::1 - none - http://localhost/bloodbank/login.php
06-20-2018 22:00:09 -  - Google Chrome - ::1 - none - http://localhost/bloodbank/login.php
06-20-2018 22:00:19 -  - Google Chrome - ::1 - none - http://localhost/bloodbank/login.php
06-20-2018 22:03:33 -  - Google Chrome - ::1 - none - http://localhost/bloodbank/login.php
06-20-2018 22:04:00 -  - Google Chrome - ::1 - none - http://localhost/bloodbank/login.php
06-20-2018 22:04:12 -  - Google Chrome - ::1 - none - http://localhost/bloodbank/login.php
06-20-2018 22:04:45 -  - Google Chrome - ::1 - none - http://localhost/bloodbank/login.php
06-24-2018 13:10:39 -  - Google Chrome - ::1 - none - http://localhost/bloodbank/savetodb.php
06-24-2018 13:10:44 -  - Google Chrome - ::1 - none - http://localhost/bloodbank/login.php
06-24-2018 13:10:53 -  - Google Chrome - ::1 - none - http://localhost/bloodbank/login.php
06-24-2018 13:12:50 -  - Google Chrome - ::1 - none - http://localhost/bloodbank/login.php
06-25-2018 08:08:16 -  - Google Chrome - ::1 - none - http://localhost/bloodbank/login.php
06-25-2018 08:08:22 -  - Google Chrome - ::1 - none - http://localhost/bloodbank/login.php
06-25-2018 08:09:14 -  - Google Chrome - ::1 - none - http://localhost/bloodbank/login.php
06-25-2018 08:20:35 -  - Google Chrome - ::1 - none - http://localhost/bloodbank/login.php
06-25-2018 08:20:42 -  - Google Chrome - ::1 - none - http://localhost/bloodbank/login.php
06-25-2018 08:23:08 -  - Google Chrome - ::1 - none - http://localhost/bloodbank/login.php
06-25-2018 10:25:38 -  - Google Chrome - ::1 - none - http://localhost/bloodbank/savetodb.php
06-25-2018 10:25:46 -  - Google Chrome - ::1 - none - http://localhost/bloodbank/login.php
06-25-2018 10:25:55 -  - Google Chrome - ::1 - none - http://localhost/bloodbank/login.php
06-25-2018 10:28:29 -  - Google Chrome - ::1 - none - http://localhost/bloodbank/login.php
06-25-2018 10:29:28 -  - Google Chrome - ::1 - none - http://localhost/bloodbank/login.php
06-25-2018 10:30:52 -  - Google Chrome - ::1 - none - http://localhost/bloodbank/login.php
06-25-2018 10:31:06 -  - Google Chrome - ::1 - none - http://localhost/bloodbank/login.php
06-25-2018 10:31:31 -  - Google Chrome - ::1 - none - http://localhost/bloodbank/login.php
06-25-2018 10:31:38 -  - Google Chrome - ::1 - none - http://localhost/bloodbank/login.php
06-25-2018 10:32:03 -  - Google Chrome - ::1 - none - http://localhost/bloodbank/login.php
06-25-2018 10:32:55 -  - Google Chrome - ::1 - none - http://localhost/bloodbank/login.php
06-25-2018 10:33:03 -  - Google Chrome - ::1 - none - http://localhost/bloodbank/login.php
06-25-2018 10:33:33 -  - Google Chrome - ::1 - none - http://localhost/bloodbank/login.php
06-25-2018 10:34:20 -  - Google Chrome - ::1 - none - http://localhost/bloodbank/login.php
06-25-2018 10:34:28 -  - Google Chrome - ::1 - none - http://localhost/bloodbank/login.php
06-25-2018 10:35:06 -  - Google Chrome - ::1 - none - http://localhost/bloodbank/login.php
06-25-2018 10:36:06 -  - Google Chrome - ::1 - none - http://localhost/bloodbank/login.php
06-25-2018 10:37:05 -  - Google Chrome - ::1 - none - http://localhost/bloodbank/login.php
06-25-2018 10:37:12 -  - Google Chrome - ::1 - none - http://localhost/bloodbank/login.php
06-25-2018 10:37:30 -  - Google Chrome - ::1 - none - http://localhost/bloodbank/login.php
06-25-2018 10:38:11 -  - Google Chrome - ::1 - none - http://localhost/bloodbank/login.php
06-25-2018 10:38:18 -  - Google Chrome - ::1 - none - http://localhost/bloodbank/login.php
06-25-2018 10:50:21 -  - Google Chrome - ::1 - none - http://localhost/bloodbank/savetodb.php
06-25-2018 10:50:26 -  - Google Chrome - ::1 - none - http://localhost/bloodbank/login.php
06-25-2018 10:50:34 -  - Google Chrome - ::1 - none - http://localhost/bloodbank/login.php
06-25-2018 10:51:36 -  - Google Chrome - ::1 - none - http://localhost/bloodbank/login.php
06-25-2018 11:03:52 -  - Google Chrome - ::1 - none - http://localhost/bloodbank/login.php
06-25-2018 11:04:00 -  - Google Chrome - ::1 - none - http://localhost/bloodbank/login.php
06-25-2018 11:04:33 -  - Google Chrome - ::1 - none - http://localhost/bloodbank/login.php
06-25-2018 11:05:25 -  - Google Chrome - ::1 - none - http://localhost/bloodbank/savetodb.php
06-25-2018 11:05:31 -  - Google Chrome - ::1 - none - http://localhost/bloodbank/login.php
06-25-2018 11:05:39 -  - Google Chrome - ::1 - none - http://localhost/bloodbank/login.php
06-25-2018 11:08:54 -  - Google Chrome - ::1 - none - http://localhost/bloodbank/login.php
06-25-2018 11:09:27 -  - Google Chrome - ::1 - none - http://localhost/bloodbank/savetodb.php
06-25-2018 11:09:33 -  - Google Chrome - ::1 - none - http://localhost/bloodbank/login.php
06-25-2018 11:09:44 -  - Google Chrome - ::1 - none - http://localhost/bloodbank/login.php
06-25-2018 11:10:01 -  - Google Chrome - ::1 - none - http://localhost/bloodbank/login.php
06-25-2018 11:15:47 -  - Google Chrome - ::1 - none - http://localhost/bloodbank/savetodb.php
06-25-2018 11:15:56 -  - Google Chrome - ::1 - none - http://localhost/bloodbank/login.php
06-25-2018 11:16:04 -  - Google Chrome - ::1 - none - http://localhost/bloodbank/login.php
06-25-2018 11:16:16 -  - Google Chrome - ::1 - none - http://localhost/bloodbank/login.php
06-25-2018 11:24:38 -  - Google Chrome - ::1 - none - http://localhost/bloodbank/savetodb.php
06-25-2018 11:24:44 -  - Google Chrome - ::1 - none - http://localhost/bloodbank/login.php
06-25-2018 11:24:51 -  - Google Chrome - ::1 - none - http://localhost/bloodbank/login.php
06-25-2018 11:24:59 -  - Google Chrome - ::1 - none - http://localhost/bloodbank/login.php
06-25-2018 11:31:38 -  - Google Chrome - ::1 - none - http://localhost/bloodbank/savetodb.php
06-25-2018 11:32:21 -  - Google Chrome - ::1 - none - http://localhost/bloodbank/savetodb.php
06-25-2018 11:33:11 -  - Google Chrome - ::1 - none - http://localhost/bloodbank/login.php
06-25-2018 11:33:24 -  - Google Chrome - ::1 - none - http://localhost/bloodbank/login.php
06-25-2018 11:41:32 -  - Google Chrome - 127.0.0.1 - none - http://bloodbank.com/login.php
06-25-2018 11:42:16 -  - Google Chrome - 127.0.0.1 - none - http://bloodbank.com/login.php
06-25-2018 11:42:24 -  - Google Chrome - 127.0.0.1 - none - http://bloodbank.com/login.php
06-25-2018 11:42:45 -  - Google Chrome - 127.0.0.1 - none - http://bloodbank.com/login.php
06-25-2018 11:43:24 -  - Google Chrome - 127.0.0.1 - none - http://bloodbank.com/contactus.php
06-25-2018 11:43:30 -  - Google Chrome - 127.0.0.1 - none - http://bloodbank.com/login.php
06-25-2018 11:43:38 -  - Google Chrome - 127.0.0.1 - none - http://bloodbank.com/login.php
06-25-2018 11:52:08 -  - Google Chrome - 127.0.0.1 - none - http://bloodbank.com/login.php
06-25-2018 16:00:35 -  - Google Chrome - 127.0.0.1 - none - http://bloodbank.com/login.php
06-25-2018 16:04:27 -  - Google Chrome - 127.0.0.1 - none - http://bloodbank.com/login.php
06-25-2018 16:09:18 -  - Google Chrome - 127.0.0.1 - none - http://bloodbank.com/login.php
06-25-2018 16:19:22 -  - Google Chrome - 127.0.0.1 - none - http://bloodbank.com/login.php
06-25-2018 16:19:25 -  - Google Chrome - 127.0.0.1 - none - http://bloodbank.com/login.php
06-25-2018 16:19:26 -  - Google Chrome - 127.0.0.1 - none - http://bloodbank.com/login.php
06-25-2018 16:19:33 -  - Google Chrome - 127.0.0.1 - none - http://bloodbank.com/login.php
06-25-2018 16:20:06 -  - Google Chrome - 127.0.0.1 - none - http://bloodbank.com/login.php
06-25-2018 16:20:30 -  - Google Chrome - 127.0.0.1 - none - http://bloodbank.com/login.php
06-25-2018 16:29:19 -  - Google Chrome - 127.0.0.1 - none - http://bloodbank.com/login.php
06-25-2018 16:29:29 -  - Google Chrome - 127.0.0.1 - none - http://bloodbank.com/login.php
06-25-2018 16:29:56 -  - Google Chrome - 127.0.0.1 - none - http://bloodbank.com/login.php
06-25-2018 16:30:15 -  - Google Chrome - 127.0.0.1 - none - http://bloodbank.com/login.php
06-25-2018 16:30:17 -  - Google Chrome - 127.0.0.1 - none - http://bloodbank.com/login.php
06-25-2018 16:30:18 -  - Google Chrome - 127.0.0.1 - none - http://bloodbank.com/login.php
06-25-2018 16:30:18 -  - Google Chrome - 127.0.0.1 - none - http://bloodbank.com/login.php
06-25-2018 16:30:33 -  - Google Chrome - 127.0.0.1 - none - http://bloodbank.com/login.php
06-25-2018 16:32:14 -  - Google Chrome - 127.0.0.1 - none - http://bloodbank.com/login.php
06-25-2018 16:58:27 -  - Google Chrome - 127.0.0.1 - none - http://bloodbank.com/login.php
06-25-2018 16:58:50 -  - Google Chrome - 127.0.0.1 - none - http://bloodbank.com/login.php
06-25-2018 16:59:06 -  - Google Chrome - 127.0.0.1 - none - http://bloodbank.com/login.php
06-25-2018 17:01:50 -  - Google Chrome - 127.0.0.1 - none - http://bloodbank.com/login.php
06-25-2018 17:03:18 -  - Google Chrome - 127.0.0.1 - none - http://bloodbank.com/login.php
06-25-2018 17:08:26 -  - Google Chrome - 127.0.0.1 - none - http://bloodbank.com/login.php
06-25-2018 17:09:20 -  - Google Chrome - 127.0.0.1 - none - http://bloodbank.com/login.php
06-25-2018 17:09:33 -  - Google Chrome - 127.0.0.1 - none - http://bloodbank.com/login.php
06-25-2018 17:10:11 -  - Google Chrome - 127.0.0.1 - none - http://bloodbank.com/login.php
06-25-2018 17:11:05 -  - Google Chrome - 127.0.0.1 - none - http://bloodbank.com/login.php
06-25-2018 17:11:18 -  - Google Chrome - 127.0.0.1 - none - http://bloodbank.com/login.php
06-25-2018 17:11:29 -  - Google Chrome - 127.0.0.1 - none - http://bloodbank.com/login.php
06-25-2018 17:12:07 -  - Google Chrome - 127.0.0.1 - none - http://bloodbank.com/login.php
06-25-2018 17:12:09 -  - Google Chrome - 127.0.0.1 - none - http://bloodbank.com/login.php
06-25-2018 17:12:32 -  - Google Chrome - 127.0.0.1 - none - http://bloodbank.com/login.php
06-25-2018 17:13:03 -  - Google Chrome - 127.0.0.1 - none - http://bloodbank.com/login.php
06-25-2018 17:13:28 -  - Google Chrome - 127.0.0.1 - none - http://bloodbank.com/login.php
06-25-2018 17:13:54 -  - Google Chrome - 127.0.0.1 - none - http://bloodbank.com/login.php
06-25-2018 17:13:56 -  - Google Chrome - 127.0.0.1 - none - http://bloodbank.com/login.php
06-25-2018 17:13:58 -  - Google Chrome - 127.0.0.1 - none - http://bloodbank.com/login.php
06-25-2018 17:14:11 -  - Google Chrome - 127.0.0.1 - none - http://bloodbank.com/login.php
06-25-2018 17:14:13 -  - Google Chrome - 127.0.0.1 - none - http://bloodbank.com/login.php
06-25-2018 17:14:14 -  - Google Chrome - 127.0.0.1 - none - http://bloodbank.com/login.php
06-25-2018 17:14:14 -  - Google Chrome - 127.0.0.1 - none - http://bloodbank.com/login.php
06-25-2018 17:14:14 -  - Google Chrome - 127.0.0.1 - none - http://bloodbank.com/login.php
06-25-2018 17:14:15 -  - Google Chrome - 127.0.0.1 - none - http://bloodbank.com/login.php
06-25-2018 17:14:16 -  - Google Chrome - 127.0.0.1 - none - http://bloodbank.com/login.php
06-25-2018 17:14:17 -  - Google Chrome - 127.0.0.1 - none - http://bloodbank.com/login.php
06-25-2018 17:14:17 -  - Google Chrome - 127.0.0.1 - none - http://bloodbank.com/login.php
06-25-2018 17:14:17 -  - Google Chrome - 127.0.0.1 - none - http://bloodbank.com/login.php
06-25-2018 17:14:17 -  - Google Chrome - 127.0.0.1 - none - http://bloodbank.com/login.php
06-25-2018 17:14:17 -  - Google Chrome - 127.0.0.1 - none - http://bloodbank.com/login.php
06-25-2018 17:14:17 -  - Google Chrome - 127.0.0.1 - none - http://bloodbank.com/login.php
06-25-2018 17:14:17 -  - Google Chrome - 127.0.0.1 - none - http://bloodbank.com/login.php
06-25-2018 17:14:17 -  - Google Chrome - 127.0.0.1 - none - http://bloodbank.com/login.php
06-25-2018 17:14:17 -  - Google Chrome - 127.0.0.1 - none - http://bloodbank.com/login.php
06-25-2018 17:14:17 -  - Google Chrome - 127.0.0.1 - none - http://bloodbank.com/login.php
06-25-2018 17:14:18 -  - Google Chrome - 127.0.0.1 - none - http://bloodbank.com/login.php
06-25-2018 17:14:18 -  - Google Chrome - 127.0.0.1 - none - http://bloodbank.com/login.php
06-25-2018 17:14:18 -  - Google Chrome - 127.0.0.1 - none - http://bloodbank.com/login.php
06-25-2018 17:14:18 -  - Google Chrome - 127.0.0.1 - none - http://bloodbank.com/login.php
06-25-2018 17:14:18 -  - Google Chrome - 127.0.0.1 - none - http://bloodbank.com/login.php
06-25-2018 17:14:18 -  - Google Chrome - 127.0.0.1 - none - http://bloodbank.com/login.php
06-25-2018 17:14:19 -  - Google Chrome - 127.0.0.1 - none - http://bloodbank.com/login.php
06-25-2018 17:14:53 -  - Google Chrome - 127.0.0.1 - none - http://bloodbank.com/login.php
06-25-2018 17:14:55 -  - Google Chrome - 127.0.0.1 - none - http://bloodbank.com/login.php
06-25-2018 17:14:56 -  - Google Chrome - 127.0.0.1 - none - http://bloodbank.com/login.php
06-25-2018 17:14:56 -  - Google Chrome - 127.0.0.1 - none - http://bloodbank.com/login.php
06-25-2018 17:15:08 -  - Google Chrome - 127.0.0.1 - none - http://bloodbank.com/login.php
06-25-2018 17:16:06 -  - Google Chrome - 127.0.0.1 - none - http://bloodbank.com/login.php
06-25-2018 17:16:19 -  - Google Chrome - 127.0.0.1 - none - http://bloodbank.com/login.php
06-25-2018 17:17:06 -  - Google Chrome - 127.0.0.1 - none - http://bloodbank.com/login.php
06-25-2018 17:17:17 -  - Google Chrome - 127.0.0.1 - none - http://bloodbank.com/login.php
06-25-2018 17:17:39 -  - Google Chrome - 127.0.0.1 - none - http://bloodbank.com/login.php
06-25-2018 17:17:50 -  - Google Chrome - 127.0.0.1 - none - http://bloodbank.com/login.php
06-25-2018 17:18:13 -  - Google Chrome - 127.0.0.1 - none - http://bloodbank.com/login.php
06-25-2018 17:18:53 -  - Google Chrome - 127.0.0.1 - none - http://bloodbank.com/login.php
06-25-2018 17:19:25 -  - Google Chrome - 127.0.0.1 - none - http://bloodbank.com/login.php
06-25-2018 17:21:30 -  - Google Chrome - 127.0.0.1 - none - http://bloodbank.com/login.php
06-25-2018 17:21:58 -  - Google Chrome - 127.0.0.1 - none - http://bloodbank.com/login.php
06-25-2018 17:23:28 -  - Google Chrome - 127.0.0.1 - none - http://bloodbank.com/login.php
06-25-2018 17:23:36 -  - Google Chrome - 127.0.0.1 - none - http://bloodbank.com/login.php
06-25-2018 17:31:16 -  - Google Chrome - 127.0.0.1 - none - http://bloodbank.com/savetodb.php
06-25-2018 17:31:20 -  - Google Chrome - 127.0.0.1 - none - http://bloodbank.com/login.php
06-25-2018 17:31:31 -  - Google Chrome - 127.0.0.1 - none - http://bloodbank.com/login.php
06-25-2018 17:32:42 -  - Google Chrome - 127.0.0.1 - none - http://bloodbank.com/login.php
06-25-2018 17:32:51 -  - Google Chrome - 127.0.0.1 - none - http://bloodbank.com/login.php
06-25-2018 17:33:33 -  - Google Chrome - 127.0.0.1 - none - http://bloodbank.com/login.php
06-25-2018 17:34:32 -  - Google Chrome - 127.0.0.1 - none - http://bloodbank.com/login.php
06-25-2018 17:34:44 -  - Google Chrome - 127.0.0.1 - none - http://bloodbank.com/login.php
06-25-2018 17:34:56 -  - Google Chrome - 127.0.0.1 - none - http://bloodbank.com/login.php
06-25-2018 17:35:05 -  - Google Chrome - 127.0.0.1 - none - http://bloodbank.com/login.php
06-25-2018 17:36:04 -  - Google Chrome - 127.0.0.1 - none - http://bloodbank.com/login.php
06-25-2018 17:36:39 -  - Google Chrome - 127.0.0.1 - none - http://bloodbank.com/savetodb.php
06-25-2018 17:37:16 -  - Google Chrome - 127.0.0.1 - none - http://bloodbank.com/savetodb.php
06-25-2018 17:37:21 -  - Google Chrome - 127.0.0.1 - none - http://bloodbank.com/login.php
06-25-2018 17:37:30 -  - Google Chrome - 127.0.0.1 - none - http://bloodbank.com/login.php
06-25-2018 17:41:54 -  - Google Chrome - 127.0.0.1 - none - http://bloodbank.com/login.php
06-25-2018 17:43:50 -  - Google Chrome - 127.0.0.1 - none - http://bloodbank.com/login.php
06-25-2018 17:44:00 -  - Google Chrome - 127.0.0.1 - none - http://bloodbank.com/login.php
06-25-2018 17:45:38 -  - Google Chrome - 127.0.0.1 - none - http://bloodbank.com/login.php
06-25-2018 17:45:44 -  - Google Chrome - 127.0.0.1 - none - http://bloodbank.com/login.php
06-26-2018 08:20:57 -  - Google Chrome - 127.0.0.1 - none - http://bloodbank.com/contactus.php
06-26-2018 08:21:11 -  - Google Chrome - 127.0.0.1 - none - http://bloodbank.com/login.php
06-26-2018 08:21:20 -  - Google Chrome - 127.0.0.1 - none - http://bloodbank.com/login.php
06-27-2018 08:48:55 -  - Google Chrome - 127.0.0.1 - none - http://bloodbank.com/login.php
06-27-2018 08:49:07 -  - Google Chrome - 127.0.0.1 - none - http://bloodbank.com/login.php
06-27-2018 08:50:43 -  - Google Chrome - 127.0.0.1 - none - http://bloodbank.com/login.php
06-27-2018 08:52:57 -  - Google Chrome - 127.0.0.1 - none - http://bloodbank.com/savetodb.php
02-16-2025 17:24:39 - Windows 10 - Google Chrome - ::1 - none - http://localhost/bloodbank/login.php
02-16-2025 17:24:59 - Windows 10 - Google Chrome - ::1 - none - http://localhost/bloodbank/login.php
02-16-2025 17:31:08 - Windows 10 - Google Chrome - ::1 - none - http://localhost/bloodbank/login.php
02-16-2025 17:33:23 - Windows 10 - Google Chrome - ::1 - none - http://localhost/bloodbank/savetodb.php
02-16-2025 17:33:35 - Windows 10 - Google Chrome - ::1 - none - http://localhost/bloodbank/login.php
02-16-2025 17:33:44 - Windows 10 - Google Chrome - ::1 - none - http://localhost/bloodbank/login.php
02-16-2025 17:33:55 - Windows 10 - Google Chrome - ::1 - none - http://localhost/bloodbank/login.php
02-16-2025 17:39:44 - Windows 10 - Google Chrome - ::1 - none - http://localhost/bloodbank/savetodb.php
02-16-2025 17:51:43 - Windows 10 - Google Chrome - ::1 - none - http://localhost/bloodbank/login.php
02-16-2025 17:55:40 - Windows 10 - Google Chrome - ::1 - none - http://localhost/bloodbank/login.php
02-16-2025 17:59:49 - Windows 10 - Google Chrome - ::1 - none - http://localhost/bloodbank/login.php
02-16-2025 18:00:07 - Windows 10 - Google Chrome - ::1 - none - http://localhost/bloodbank/login.php
02-18-2025 15:31:13 - Windows 10 - Google Chrome - ::1 - none - http://localhost/bloodbank/contactus.php
02-18-2025 15:31:48 - Windows 10 - Google Chrome - ::1 - none - http://localhost/bloodbank/login.php
02-18-2025 15:32:05 - Windows 10 - Google Chrome - ::1 - none - http://localhost/bloodbank/login.php
