
06-13-2018 14:03:24 -  - Google Chrome - ::1 - none - http://localhost:81/gks/admin/dashboard.php
06-13-2018 14:05:52 -  - Google Chrome - ::1 - none - http://localhost:81/gks/admin/dashboard.php
06-13-2018 18:08:52 - Windows 10 - Google Chrome - ::1 - none - http://localhost:81/gks/admin/profile.php
06-13-2018 18:09:28 - Windows 10 - Google Chrome - ::1 - none - http://localhost:81/gks/admin/profile.php
06-13-2018 18:14:38 - Windows 10 - Google Chrome - ::1 - none - http://localhost:81/gks/admin/profile.php
06-13-2018 18:15:21 - Windows 10 - Google Chrome - ::1 - none - http://localhost:81/gks/admin/profile.php
06-13-2018 18:19:11 - Windows 10 - Google Chrome - ::1 - none - http://localhost:81/gks/admin/profile.php
06-13-2018 18:20:31 - Windows 10 - Google Chrome - ::1 - none - http://localhost:81/gks/admin/profile.php
06-13-2018 18:21:30 - Windows 10 - Google Chrome - ::1 - none - http://localhost:81/gks/admin/profile.php
06-13-2018 18:22:18 - Windows 10 - Google Chrome - ::1 - none - http://localhost:81/gks/admin/profile.php
06-13-2018 18:23:50 - Windows 10 - Google Chrome - ::1 - none - http://localhost:81/gks/admin/profile.php
06-13-2018 18:23:59 - Windows 10 - Google Chrome - ::1 - none - http://localhost:81/gks/admin/profile.php
06-13-2018 18:24:00 - Windows 10 - Google Chrome - ::1 - none - http://localhost:81/gks/admin/profile.php
06-13-2018 18:24:04 - Windows 10 - Google Chrome - ::1 - none - http://localhost:81/gks/admin/profile.php
06-13-2018 18:24:35 - Windows 10 - Google Chrome - ::1 - none - http://localhost:81/gks/admin/profile.php
06-13-2018 18:24:54 - Windows 10 - Google Chrome - ::1 - none - http://localhost:81/gks/admin/profile.php
06-13-2018 18:25:25 - Windows 10 - Google Chrome - ::1 - none - http://localhost:81/gks/admin/profile.php
06-13-2018 18:26:05 - Windows 10 - Google Chrome - ::1 - none - http://localhost:81/gks/admin/profile.php
06-13-2018 18:26:08 - Windows 10 - Google Chrome - ::1 - none - http://localhost:81/gks/admin/profile.php
06-13-2018 18:26:22 - Windows 10 - Google Chrome - ::1 - none - http://localhost:81/gks/admin/profile.php
06-13-2018 18:26:37 - Windows 10 - Google Chrome - ::1 - none - http://localhost:81/gks/admin/profile.php
06-13-2018 18:26:46 - Windows 10 - Google Chrome - ::1 - none - http://localhost:81/gks/admin/profile.php
06-13-2018 18:27:23 - Windows 10 - Google Chrome - ::1 - none - http://localhost:81/gks/admin/profile.php
06-13-2018 18:27:46 - Windows 10 - Google Chrome - ::1 - none - http://localhost:81/gks/admin/profile.php
06-13-2018 18:27:55 - Windows 10 - Google Chrome - ::1 - none - http://localhost:81/gks/admin/profile.php
06-13-2018 18:28:06 - Windows 10 - Google Chrome - ::1 - none - http://localhost:81/gks/admin/profile.php
06-13-2018 18:28:22 - Windows 10 - Google Chrome - ::1 - none - http://localhost:81/gks/admin/profile.php
06-13-2018 23:01:19 - Windows 10 - Google Chrome - ::1 - none - http://localhost:81/gks/admin/profile.php
06-13-2018 23:02:04 - Windows 10 - Google Chrome - ::1 - none - http://localhost:81/gks/admin/profile.php
06-14-2018 07:41:16 - Windows 10 - Google Chrome - ::1 - none - http://localhost:81/gks/admin/profile.php
06-14-2018 07:45:21 - Windows 10 - Google Chrome - ::1 - none - http://localhost:81/gks/admin/profile.php
06-14-2018 08:15:41 - Windows 10 - Google Chrome - ::1 - none - http://localhost:81/gks/admin/profile.php
06-14-2018 13:09:49 - Windows 10 - Google Chrome - ::1 - none - http://localhost:81/gks/admin/profile.php
06-15-2018 15:24:46 -  - Google Chrome - ::1 - none - http://localhost/bishal/admin/profile.php
06-15-2018 16:41:22 -  - Google Chrome - ::1 - none - http://localhost/bishal/admin/profile.php
06-15-2018 16:47:13 -  - Google Chrome - ::1 - none - http://localhost/bishal/admin/profile.php
06-15-2018 16:47:29 -  - Google Chrome - ::1 - none - http://localhost/bishal/admin/profile.php
06-15-2018 16:47:33 -  - Google Chrome - ::1 - none - http://localhost/bishal/admin/profile.php
06-15-2018 16:48:01 -  - Google Chrome - ::1 - none - http://localhost/bishal/admin/profile.php
06-15-2018 16:48:55 -  - Google Chrome - ::1 - none - http://localhost/bishal/admin/profile.php
06-15-2018 16:48:59 -  - Google Chrome - ::1 - none - http://localhost/bishal/admin/profile.php
06-15-2018 16:49:05 -  - Google Chrome - ::1 - none - http://localhost/bishal/admin/profile.php
06-15-2018 16:49:32 -  - Google Chrome - ::1 - none - http://localhost/bishal/admin/profile.php
06-15-2018 16:51:30 -  - Google Chrome - ::1 - none - http://localhost/bishal/admin/profile.php
06-15-2018 16:51:32 -  - Google Chrome - ::1 - none - http://localhost/bishal/admin/profile.php
06-15-2018 16:51:54 -  - Google Chrome - ::1 - none - http://localhost/bishal/admin/profile.php
06-15-2018 16:53:14 -  - Google Chrome - ::1 - none - http://localhost/bishal/admin/profile.php
06-15-2018 16:53:17 -  - Google Chrome - ::1 - none - http://localhost/bishal/admin/profile.php
06-15-2018 16:54:24 -  - Google Chrome - ::1 - none - http://localhost/bishal/admin/profile.php
06-15-2018 17:03:09 -  - Google Chrome - ::1 - none - http://localhost/bishal/admin/profile.php
06-15-2018 17:48:18 -  - Google Chrome - ::1 - none - http://localhost/bloodbank/admin/profile.php
06-16-2018 12:56:43 -  - Google Chrome - ::1 - none - http://localhost/bloodbank/admin/profile.php
06-16-2018 12:59:44 -  - Google Chrome - ::1 - none - http://localhost/bloodbank/admin/profile.php
06-16-2018 12:59:46 -  - Google Chrome - ::1 - none - http://localhost/bloodbank/admin/profile.php
06-16-2018 13:00:13 -  - Google Chrome - ::1 - none - http://localhost/bloodbank/admin/profile.php
06-16-2018 13:00:28 -  - Google Chrome - ::1 - none - http://localhost/bloodbank/admin/profile.php
06-16-2018 13:00:31 -  - Google Chrome - ::1 - none - http://localhost/bloodbank/admin/profile.php
06-17-2018 12:00:38 -  - Google Chrome - ::1 - none - http://localhost/bloodbank/admin/profile.php
06-17-2018 18:43:50 -  - Google Chrome - ::1 - none - http://localhost/bloodbank/admin/profile.php
06-17-2018 18:49:16 -  - Google Chrome - ::1 - none - http://localhost/bloodbank/admin/profile.php
06-18-2018 07:01:17 -  - Google Chrome - ::1 - none - http://localhost/bloodbank/admin/profile.php
06-18-2018 08:17:58 -  - Google Chrome - ::1 - none - http://localhost/bloodbank/admin/profile.php
06-25-2018 08:20:51 -  - Google Chrome - ::1 - none - http://localhost/bloodbank/admin/profile.php
06-25-2018 11:48:17 -  - Google Chrome - 127.0.0.1 - none - http://bloodbank.com/admin/profile.php
06-25-2018 17:21:05 -  - Google Chrome - 127.0.0.1 - none - http://bloodbank.com/admin/profile.php
06-26-2018 08:23:55 -  - Google Chrome - 127.0.0.1 - none - http://bloodbank.com/admin/profile.php
02-16-2025 17:25:21 - Windows 10 - Google Chrome - ::1 - none - http://localhost/bloodbank/admin/profile.php
