
06-13-2018 14:03:24 -  - Google Chrome - ::1 - none - http://localhost:81/gks/admin/dashboard.php
06-13-2018 14:05:52 -  - Google Chrome - ::1 - none - http://localhost:81/gks/admin/dashboard.php
06-13-2018 18:08:52 - Windows 10 - Google Chrome - ::1 - none - http://localhost:81/gks/admin/profile.php
06-13-2018 18:09:28 - Windows 10 - Google Chrome - ::1 - none - http://localhost:81/gks/admin/profile.php
06-13-2018 18:14:38 - Windows 10 - Google Chrome - ::1 - none - http://localhost:81/gks/admin/profile.php
06-13-2018 18:15:21 - Windows 10 - Google Chrome - ::1 - none - http://localhost:81/gks/admin/profile.php
06-13-2018 18:19:11 - Windows 10 - Google Chrome - ::1 - none - http://localhost:81/gks/admin/profile.php
06-13-2018 18:20:31 - Windows 10 - Google Chrome - ::1 - none - http://localhost:81/gks/admin/profile.php
06-13-2018 18:21:30 - Windows 10 - Google Chrome - ::1 - none - http://localhost:81/gks/admin/profile.php
06-13-2018 18:22:18 - Windows 10 - Google Chrome - ::1 - none - http://localhost:81/gks/admin/profile.php
06-13-2018 18:23:50 - Windows 10 - Google Chrome - ::1 - none - http://localhost:81/gks/admin/profile.php
06-13-2018 18:23:59 - Windows 10 - Google Chrome - ::1 - none - http://localhost:81/gks/admin/profile.php
06-13-2018 18:24:00 - Windows 10 - Google Chrome - ::1 - none - http://localhost:81/gks/admin/profile.php
06-13-2018 18:24:04 - Windows 10 - Google Chrome - ::1 - none - http://localhost:81/gks/admin/profile.php
06-13-2018 18:24:35 - Windows 10 - Google Chrome - ::1 - none - http://localhost:81/gks/admin/profile.php
06-13-2018 18:24:54 - Windows 10 - Google Chrome - ::1 - none - http://localhost:81/gks/admin/profile.php
06-13-2018 18:25:25 - Windows 10 - Google Chrome - ::1 - none - http://localhost:81/gks/admin/profile.php
06-13-2018 18:26:05 - Windows 10 - Google Chrome - ::1 - none - http://localhost:81/gks/admin/profile.php
06-13-2018 18:26:08 - Windows 10 - Google Chrome - ::1 - none - http://localhost:81/gks/admin/profile.php
06-13-2018 18:26:22 - Windows 10 - Google Chrome - ::1 - none - http://localhost:81/gks/admin/profile.php
06-13-2018 18:26:37 - Windows 10 - Google Chrome - ::1 - none - http://localhost:81/gks/admin/profile.php
06-13-2018 18:26:46 - Windows 10 - Google Chrome - ::1 - none - http://localhost:81/gks/admin/profile.php
06-13-2018 18:27:23 - Windows 10 - Google Chrome - ::1 - none - http://localhost:81/gks/admin/profile.php
06-13-2018 18:27:46 - Windows 10 - Google Chrome - ::1 - none - http://localhost:81/gks/admin/profile.php
06-13-2018 18:27:55 - Windows 10 - Google Chrome - ::1 - none - http://localhost:81/gks/admin/profile.php
06-13-2018 18:28:06 - Windows 10 - Google Chrome - ::1 - none - http://localhost:81/gks/admin/profile.php
06-13-2018 18:28:22 - Windows 10 - Google Chrome - ::1 - none - http://localhost:81/gks/admin/profile.php
06-13-2018 23:01:19 - Windows 10 - Google Chrome - ::1 - none - http://localhost:81/gks/admin/profile.php
06-13-2018 23:02:04 - Windows 10 - Google Chrome - ::1 - none - http://localhost:81/gks/admin/profile.php
06-14-2018 07:41:16 - Windows 10 - Google Chrome - ::1 - none - http://localhost:81/gks/admin/profile.php
06-14-2018 07:45:21 - Windows 10 - Google Chrome - ::1 - none - http://localhost:81/gks/admin/profile.php
06-14-2018 07:51:10 - Windows 10 - Google Chrome - ::1 - none - http://localhost:81/gks/donor/profile.php
06-14-2018 07:51:28 - Windows 10 - Google Chrome - ::1 - none - http://localhost:81/gks/donor/profile.php
06-14-2018 07:51:30 - Windows 10 - Google Chrome - ::1 - none - http://localhost:81/gks/donor/profile.php
06-14-2018 07:51:32 - Windows 10 - Google Chrome - ::1 - none - http://localhost:81/gks/donor/profile.php
06-14-2018 07:51:35 - Windows 10 - Google Chrome - ::1 - none - http://localhost:81/gks/donor/profile.php
06-14-2018 07:51:37 - Windows 10 - Google Chrome - ::1 - none - http://localhost:81/gks/donor/profile.php
06-14-2018 07:51:37 - Windows 10 - Google Chrome - ::1 - none - http://localhost:81/gks/donor/profile.php
06-14-2018 07:51:37 - Windows 10 - Google Chrome - ::1 - none - http://localhost:81/gks/donor/profile.php
06-14-2018 07:51:37 - Windows 10 - Google Chrome - ::1 - none - http://localhost:81/gks/donor/profile.php
06-14-2018 07:52:04 - Windows 10 - Google Chrome - ::1 - none - http://localhost:81/gks/donor/profile.php
06-14-2018 07:52:06 - Windows 10 - Google Chrome - ::1 - none - http://localhost:81/gks/donor/profile.php
06-14-2018 07:56:24 - Windows 10 - Google Chrome - ::1 - none - http://localhost:81/gks/donor/profile.php
06-14-2018 07:56:41 - Windows 10 - Google Chrome - ::1 - none - http://localhost:81/gks/donor/profile.php
06-14-2018 07:56:43 - Windows 10 - Google Chrome - ::1 - none - http://localhost:81/gks/donor/profile.php
06-14-2018 07:56:47 - Windows 10 - Google Chrome - ::1 - none - http://localhost:81/gks/donor/profile.php
06-14-2018 07:59:49 - Windows 10 - Google Chrome - ::1 - none - http://localhost:81/gks/donor/profile.php
06-14-2018 08:01:56 - Windows 10 - Google Chrome - ::1 - none - http://localhost:81/gks/donor/profile.php
06-14-2018 08:02:15 - Windows 10 - Google Chrome - ::1 - none - http://localhost:81/gks/donor/profile.php
06-14-2018 08:02:17 - Windows 10 - Google Chrome - ::1 - none - http://localhost:81/gks/donor/profile.php
06-14-2018 08:02:42 - Windows 10 - Google Chrome - ::1 - none - http://localhost:81/gks/donor/profile.php
06-14-2018 08:03:51 - Windows 10 - Google Chrome - ::1 - none - http://localhost:81/gks/donor/profile.php
06-14-2018 08:04:21 - Windows 10 - Google Chrome - ::1 - none - http://localhost:81/gks/donor/profile.php
06-14-2018 08:04:54 - Windows 10 - Google Chrome - ::1 - none - http://localhost:81/gks/donor/profile.php
06-14-2018 08:05:33 - Windows 10 - Google Chrome - ::1 - none - http://localhost:81/gks/donor/profile.php
06-14-2018 08:05:48 - Windows 10 - Google Chrome - ::1 - none - http://localhost:81/gks/donor/profile.php
06-14-2018 08:05:51 - Windows 10 - Google Chrome - ::1 - none - http://localhost:81/gks/donor/profile.php
06-14-2018 08:07:33 - Windows 10 - Google Chrome - ::1 - none - http://localhost:81/gks/donor/profile.php
06-14-2018 08:07:56 - Windows 10 - Google Chrome - ::1 - none - http://localhost:81/gks/donor/profile.php
06-14-2018 08:08:38 - Windows 10 - Google Chrome - ::1 - none - http://localhost:81/gks/donor/profile.php
06-14-2018 08:08:49 - Windows 10 - Google Chrome - ::1 - none - http://localhost:81/gks/donor/profile.php
06-14-2018 08:09:08 - Windows 10 - Google Chrome - ::1 - none - http://localhost:81/gks/donor/profile.php
06-14-2018 08:09:09 - Windows 10 - Google Chrome - ::1 - none - http://localhost:81/gks/donor/profile.php
06-14-2018 08:51:42 - Windows 10 - Google Chrome - ::1 - none - http://localhost:81/gks/donor/profile.php
06-14-2018 08:51:54 - Windows 10 - Google Chrome - ::1 - none - http://localhost:81/gks/donor/profile.php
06-14-2018 08:51:56 - Windows 10 - Google Chrome - ::1 - none - http://localhost:81/gks/donor/profile.php
06-14-2018 09:34:30 - Windows 10 - Google Chrome - ::1 - none - http://localhost:81/gks/donor/profile.php
06-14-2018 09:35:31 - Windows 10 - Google Chrome - ::1 - none - http://localhost:81/gks/donor/profile.php
06-14-2018 09:35:37 - Windows 10 - Google Chrome - ::1 - none - http://localhost:81/gks/donor/profile.php
06-14-2018 09:35:42 - Windows 10 - Google Chrome - ::1 - none - http://localhost:81/gks/donor/profile.php
06-14-2018 09:37:24 - Windows 10 - Google Chrome - ::1 - none - http://localhost:81/gks/donor/profile.php
06-14-2018 20:06:37 - Windows 10 - Google Chrome - ::1 - none - http://localhost:81/gks/donor/profile.php
06-14-2018 20:06:46 - Windows 10 - Google Chrome - ::1 - none - http://localhost:81/gks/donor/profile.php
06-14-2018 20:06:48 - Windows 10 - Google Chrome - ::1 - none - http://localhost:81/gks/donor/profile.php
06-14-2018 20:07:28 - Windows 10 - Google Chrome - ::1 - none - http://localhost:81/gks/donor/profile.php
06-14-2018 20:07:37 - Windows 10 - Google Chrome - ::1 - none - http://localhost:81/gks/donor/profile.php
06-14-2018 20:07:39 - Windows 10 - Google Chrome - ::1 - none - http://localhost:81/gks/donor/profile.php
06-14-2018 23:05:59 - Windows 10 - Google Chrome - ::1 - none - http://localhost:81/gks/donor/profile.php
06-14-2018 23:06:21 - Windows 10 - Google Chrome - ::1 - none - http://localhost:81/gks/donor/profile.php
06-14-2018 23:06:23 - Windows 10 - Google Chrome - ::1 - none - http://localhost:81/gks/donor/profile.php
06-14-2018 23:06:29 - Windows 10 - Google Chrome - ::1 - none - http://localhost:81/gks/donor/profile.php
06-14-2018 23:06:40 - Windows 10 - Google Chrome - ::1 - none - http://localhost:81/gks/donor/profile.php
06-14-2018 23:07:10 - Windows 10 - Google Chrome - ::1 - none - http://localhost:81/gks/donor/profile.php
06-14-2018 23:50:02 - Windows 10 - Google Chrome - ::1 - none - http://localhost:81/gks/donor/profile.php
06-14-2018 23:50:17 - Windows 10 - Google Chrome - ::1 - none - http://localhost:81/gks/donor/profile.php
06-14-2018 23:50:19 - Windows 10 - Google Chrome - ::1 - none - http://localhost:81/gks/donor/profile.php
06-15-2018 10:02:59 - Windows 10 - Google Chrome - ::1 - none - http://localhost:81/gks/donor/profile.php
06-15-2018 10:03:39 - Windows 10 - Google Chrome - ::1 - none - http://localhost:81/gks/donor/profile.php
06-15-2018 10:03:42 - Windows 10 - Google Chrome - ::1 - none - http://localhost:81/gks/donor/profile.php
06-15-2018 10:04:42 - Windows 10 - Google Chrome - ::1 - none - http://localhost:81/gks/donor/profile.php
06-15-2018 17:23:21 -  - Google Chrome - ::1 - none - http://localhost/bloodbank/donor/profile.php
06-15-2018 17:25:11 -  - Google Chrome - ::1 - none - http://localhost/bloodbank/donor/profile.php
06-15-2018 17:25:15 -  - Google Chrome - ::1 - none - http://localhost/bloodbank/donor/profile.php
06-15-2018 17:26:09 -  - Google Chrome - ::1 - none - http://localhost/bloodbank/donor/profile.php
06-15-2018 17:28:45 -  - Google Chrome - ::1 - none - http://localhost/bloodbank/donor/profile.php
06-15-2018 17:28:58 -  - Google Chrome - ::1 - none - http://localhost/bloodbank/donor/profile.php
06-15-2018 17:29:01 -  - Google Chrome - ::1 - none - http://localhost/bloodbank/donor/profile.php
06-15-2018 18:03:00 -  - Google Chrome - ::1 - none - http://localhost/bloodbank/donor/profile.php
06-16-2018 12:46:53 -  - Google Chrome - ::1 - none - http://localhost/bloodbank/donor/profile.php
06-16-2018 12:53:30 -  - Google Chrome - ::1 - none - http://localhost/bloodbank/donor/profile.php
06-16-2018 12:53:43 -  - Google Chrome - ::1 - none - http://localhost/bloodbank/donor/profile.php
06-16-2018 12:54:25 -  - Google Chrome - ::1 - none - http://localhost/bloodbank/donor/profile.php
06-16-2018 12:54:31 -  - Google Chrome - ::1 - none - http://localhost/bloodbank/donor/profile.php
06-16-2018 12:54:36 -  - Google Chrome - ::1 - none - http://localhost/bloodbank/donor/profile.php
06-17-2018 18:38:11 -  - Google Chrome - ::1 - none - http://localhost/bloodbank/donor/profile.php
06-17-2018 18:38:50 -  - Google Chrome - ::1 - none - http://localhost/bloodbank/donor/profile.php
06-17-2018 18:38:52 -  - Google Chrome - ::1 - none - http://localhost/bloodbank/donor/profile.php
06-18-2018 08:25:04 -  - Google Chrome - ::1 - none - http://localhost/bloodbank/donor/profile.php
06-18-2018 08:25:48 -  - Google Chrome - ::1 - none - http://localhost/bloodbank/donor/profile.php
06-18-2018 08:25:51 -  - Google Chrome - ::1 - none - http://localhost/bloodbank/donor/profile.php
06-20-2018 10:14:40 -  - Google Chrome - ::1 - none - http://localhost/bloodbank/donor/profile.php
06-20-2018 10:15:02 -  - Google Chrome - ::1 - none - http://localhost/bloodbank/donor/profile.php
06-20-2018 10:15:04 -  - Google Chrome - ::1 - none - http://localhost/bloodbank/donor/profile.php
06-25-2018 10:29:37 -  - Google Chrome - ::1 - none - http://localhost/bloodbank/donor/profile.php
06-25-2018 10:30:31 -  - Google Chrome - ::1 - none - http://localhost/bloodbank/donor/profile.php
06-25-2018 10:30:34 -  - Google Chrome - ::1 - none - http://localhost/bloodbank/donor/profile.php
06-25-2018 10:31:47 -  - Google Chrome - ::1 - none - http://localhost/bloodbank/donor/profile.php
06-25-2018 10:31:55 -  - Google Chrome - ::1 - none - http://localhost/bloodbank/donor/profile.php
06-25-2018 10:31:58 -  - Google Chrome - ::1 - none - http://localhost/bloodbank/donor/profile.php
06-25-2018 10:34:35 -  - Google Chrome - ::1 - none - http://localhost/bloodbank/donor/profile.php
06-25-2018 10:34:49 -  - Google Chrome - ::1 - none - http://localhost/bloodbank/donor/profile.php
06-25-2018 10:34:52 -  - Google Chrome - ::1 - none - http://localhost/bloodbank/donor/profile.php
06-25-2018 10:37:17 -  - Google Chrome - ::1 - none - http://localhost/bloodbank/donor/profile.php
06-25-2018 10:37:25 -  - Google Chrome - ::1 - none - http://localhost/bloodbank/donor/profile.php
06-25-2018 10:37:27 -  - Google Chrome - ::1 - none - http://localhost/bloodbank/donor/profile.php
06-25-2018 10:38:25 -  - Google Chrome - ::1 - none - http://localhost/bloodbank/donor/profile.php
06-25-2018 11:33:29 -  - Google Chrome - ::1 - none - http://localhost/bloodbank/donor/profile.php
06-25-2018 17:22:32 -  - Google Chrome - 127.0.0.1 - none - http://bloodbank.com/donor/profile.php
06-25-2018 17:44:04 -  - Google Chrome - 127.0.0.1 - none - http://bloodbank.com/donor/profile.php
02-16-2025 17:56:36 - Windows 10 - Google Chrome - ::1 - none - http://localhost/bloodbank/donor/profile.php
02-16-2025 17:56:37 - Windows 10 - Google Chrome - ::1 - none - http://localhost/bloodbank/donor/profile.php
02-16-2025 17:57:24 - Windows 10 - Google Chrome - ::1 - none - http://localhost/bloodbank/donor/profile.php
02-16-2025 17:57:28 - Windows 10 - Google Chrome - ::1 - none - http://localhost/bloodbank/donor/profile.php
02-16-2025 17:57:44 - Windows 10 - Google Chrome - ::1 - none - http://localhost/bloodbank/donor/profile.php
02-16-2025 17:57:50 - Windows 10 - Google Chrome - ::1 - none - http://localhost/bloodbank/donor/profile.php
02-16-2025 17:58:47 - Windows 10 - Google Chrome - ::1 - none - http://localhost/bloodbank/donor/profile.php
02-16-2025 17:58:51 - Windows 10 - Google Chrome - ::1 - none - http://localhost/bloodbank/donor/profile.php
02-16-2025 18:00:22 - Windows 10 - Google Chrome - ::1 - none - http://localhost/bloodbank/donor/profile.php
02-16-2025 18:00:53 - Windows 10 - Google Chrome - ::1 - none - http://localhost/bloodbank/donor/profile.php
02-16-2025 18:00:56 - Windows 10 - Google Chrome - ::1 - none - http://localhost/bloodbank/donor/profile.php
02-16-2025 18:01:50 - Windows 10 - Google Chrome - ::1 - none - http://localhost/bloodbank/donor/profile.php
